<?xml version="1.0" encoding="UTF-8"?>
<testsuites>
  <testsuite name="" tests="2" assertions="2" errors="0" warnings="0" failures="0" skipped="0" time="0.001525">
    <testsuite name="Demo" tests="2" assertions="2" errors="0" warnings="0" failures="0" skipped="0" time="0.001525">
      <testsuite name="Demo\PaymentTest" file="/home/sohnmeiss/projects/introduction-phpunit/part5/tests/PaymentTest.php" tests="2" assertions="2" errors="0" warnings="0" failures="0" skipped="0" time="0.001525">
        <testcase name="testPaymentCanBeDisabledByConfiguration" class="Demo\PaymentTest" classname="Demo.PaymentTest" file="/home/sohnmeiss/projects/introduction-phpunit/part5/tests/PaymentTest.php" line="23" assertions="1" time="0.000851"/>
        <testcase name="testPaymentIsAllowedByDefault" class="Demo\PaymentTest" classname="Demo.PaymentTest" file="/home/sohnmeiss/projects/introduction-phpunit/part5/tests/PaymentTest.php" line="29" assertions="1" time="0.000674"/>
      </testsuite>
    </testsuite>
  </testsuite>
</testsuites>
