<?xml version="1.0" encoding="UTF-8"?>
<testsuites>
  <testsuite name="" tests="2" assertions="2" errors="0" warnings="0" failures="0" skipped="0" time="0.001461">
    <testsuite name="Demo" tests="2" assertions="2" errors="0" warnings="0" failures="0" skipped="0" time="0.001461">
      <testsuite name="Demo\BooleanTest" file="/home/sohnmeiss/projects/introduction-phpunit/part3/tests/BooleanTest.php" tests="2" assertions="2" errors="0" warnings="0" failures="0" skipped="0" time="0.001461">
        <testcase name="testTrueIsNotFalse" class="Demo\BooleanTest" classname="Demo.BooleanTest" file="/home/sohnmeiss/projects/introduction-phpunit/part3/tests/BooleanTest.php" line="8" assertions="1" time="0.000822"/>
        <testcase name="testFalseIsNotTrue" class="Demo\BooleanTest" classname="Demo.BooleanTest" file="/home/sohnmeiss/projects/introduction-phpunit/part3/tests/BooleanTest.php" line="14" assertions="1" time="0.000639"/>
      </testsuite>
    </testsuite>
  </testsuite>
</testsuites>
