<?xml version="1.0" encoding="UTF-8"?>
<testsuites>
  <testsuite name="" tests="3" assertions="3" errors="0" warnings="0" failures="0" skipped="0" time="0.006565">
    <testsuite name="Demo" tests="3" assertions="3" errors="0" warnings="0" failures="0" skipped="0" time="0.006565">
      <testsuite name="Demo\PaymentTest" file="/home/sohnmeiss/projects/introduction-phpunit/part6/tests/PaymentTest.php" tests="3" assertions="3" errors="0" warnings="0" failures="0" skipped="0" time="0.006565">
        <testcase name="testPaymentIsAllowedWhenBalanceIsPositive" class="Demo\PaymentTest" classname="Demo.PaymentTest" file="/home/sohnmeiss/projects/introduction-phpunit/part6/tests/PaymentTest.php" line="26" assertions="1" time="0.002633"/>
        <testcase name="testPaymentIsNotAllowedWhenBalanceIsNegative" class="Demo\PaymentTest" classname="Demo.PaymentTest" file="/home/sohnmeiss/projects/introduction-phpunit/part6/tests/PaymentTest.php" line="32" assertions="1" time="0.001674"/>
        <testcase name="testPaymentIsSentThroughGateway" class="Demo\PaymentTest" classname="Demo.PaymentTest" file="/home/sohnmeiss/projects/introduction-phpunit/part6/tests/PaymentTest.php" line="41" assertions="1" time="0.002259"/>
      </testsuite>
    </testsuite>
  </testsuite>
</testsuites>
